c:\users\andrew\documents\projects\c++ projects\aeonengine\aeonengine\release\aeonengine.pdb
c:\users\andrew\documents\projects\c++ projects\aeonengine\aeonengine\release\mesh.obj
c:\users\andrew\documents\projects\c++ projects\aeonengine\aeonengine\release\light.obj
c:\users\andrew\documents\projects\c++ projects\aeonengine\aeonengine\release\gameobject.obj
c:\users\andrew\documents\projects\c++ projects\aeonengine\aeonengine\release\framebuffer.obj
c:\users\andrew\documents\projects\c++ projects\aeonengine\aeonengine\release\textrenderer.obj
c:\users\andrew\documents\projects\c++ projects\aeonengine\aeonengine\release\text.obj
c:\users\andrew\documents\projects\c++ projects\aeonengine\aeonengine\release\stopwatch.obj
c:\users\andrew\documents\projects\c++ projects\aeonengine\aeonengine\release\boundingvolume.obj
c:\users\andrew\documents\projects\c++ projects\aeonengine\aeonengine\release\randomizer.obj
c:\users\andrew\documents\projects\c++ projects\aeonengine\aeonengine\release\stb_image.obj
c:\users\andrew\documents\projects\c++ projects\aeonengine\aeonengine\release\shader.obj
c:\users\andrew\documents\projects\c++ projects\aeonengine\aeonengine\release\inputmanager.obj
c:\users\andrew\documents\projects\c++ projects\aeonengine\aeonengine\release\shadermanager.obj
c:\users\andrew\documents\projects\c++ projects\aeonengine\aeonengine\release\modelmanager.obj
c:\users\andrew\documents\projects\c++ projects\aeonengine\aeonengine\release\materialmanager.obj
c:\users\andrew\documents\projects\c++ projects\aeonengine\aeonengine\release\window.obj
c:\users\andrew\documents\projects\c++ projects\aeonengine\aeonengine\release\timer.obj
c:\users\andrew\documents\projects\c++ projects\aeonengine\aeonengine\release\enginecore.obj
c:\users\andrew\documents\projects\c++ projects\aeonengine\aeonengine\release\camera.obj
c:\users\andrew\documents\projects\c++ projects\aeonengine\aeonengine\release\audio.obj
c:\users\andrew\documents\projects\c++ projects\aeonengine\aeonengine\release\particleengine.obj
c:\users\andrew\documents\projects\c++ projects\aeonengine\aeonengine\release\transform.obj
c:\users\andrew\documents\projects\c++ projects\aeonengine\aeonengine\release\skyboxmesh.obj
c:\users\andrew\documents\projects\c++ projects\aeonengine\aeonengine\release\skybox.obj
c:\users\andrew\documents\projects\c++ projects\aeonengine\aeonengine\release\renderer.obj
c:\users\andrew\documents\projects\c++ projects\aeonengine\aeonengine\release\model.obj
c:\users\andrew\documents\projects\c++ projects\aeonengine\release\aeonengine.lib
c:\users\andrew\documents\projects\c++ projects\aeonengine\aeonengine\release\aeonengine.tlog\cl.command.1.tlog
c:\users\andrew\documents\projects\c++ projects\aeonengine\aeonengine\release\aeonengine.tlog\cl.read.1.tlog
c:\users\andrew\documents\projects\c++ projects\aeonengine\aeonengine\release\aeonengine.tlog\cl.write.1.tlog
c:\users\andrew\documents\projects\c++ projects\aeonengine\aeonengine\release\aeonengine.tlog\lib-link.read.1.tlog
c:\users\andrew\documents\projects\c++ projects\aeonengine\aeonengine\release\aeonengine.tlog\lib-link.write.1.tlog
c:\users\andrew\documents\projects\c++ projects\aeonengine\aeonengine\release\aeonengine.tlog\lib.command.1.tlog
