c:\users\andrew\documents\projects\c++ projects\aeonengine\aeonengine\debug\aeonengine.pdb
c:\users\andrew\documents\projects\c++ projects\aeonengine\aeonengine\debug\aeonengine.idb
c:\users\andrew\documents\projects\c++ projects\aeonengine\aeonengine\debug\materialmanager.obj
c:\users\andrew\documents\projects\c++ projects\aeonengine\aeonengine\debug\modelmanager.obj
c:\users\andrew\documents\projects\c++ projects\aeonengine\aeonengine\debug\shadermanager.obj
c:\users\andrew\documents\projects\c++ projects\aeonengine\aeonengine\debug\inputmanager.obj
c:\users\andrew\documents\projects\c++ projects\aeonengine\aeonengine\debug\shader.obj
c:\users\andrew\documents\projects\c++ projects\aeonengine\aeonengine\debug\stb_image.obj
c:\users\andrew\documents\projects\c++ projects\aeonengine\aeonengine\debug\randomizer.obj
c:\users\andrew\documents\projects\c++ projects\aeonengine\aeonengine\debug\boundingvolume.obj
c:\users\andrew\documents\projects\c++ projects\aeonengine\aeonengine\debug\framebuffer.obj
c:\users\andrew\documents\projects\c++ projects\aeonengine\aeonengine\debug\gameobject.obj
c:\users\andrew\documents\projects\c++ projects\aeonengine\aeonengine\debug\light.obj
c:\users\andrew\documents\projects\c++ projects\aeonengine\aeonengine\debug\mesh.obj
c:\users\andrew\documents\projects\c++ projects\aeonengine\aeonengine\debug\model.obj
c:\users\andrew\documents\projects\c++ projects\aeonengine\aeonengine\debug\renderer.obj
c:\users\andrew\documents\projects\c++ projects\aeonengine\aeonengine\debug\skybox.obj
c:\users\andrew\documents\projects\c++ projects\aeonengine\aeonengine\debug\skyboxmesh.obj
c:\users\andrew\documents\projects\c++ projects\aeonengine\aeonengine\debug\transform.obj
c:\users\andrew\documents\projects\c++ projects\aeonengine\aeonengine\debug\board.obj
c:\users\andrew\documents\projects\c++ projects\aeonengine\aeonengine\debug\tile.obj
c:\users\andrew\documents\projects\c++ projects\aeonengine\aeonengine\debug\particleengine.obj
c:\users\andrew\documents\projects\c++ projects\aeonengine\aeonengine\debug\camera.obj
c:\users\andrew\documents\projects\c++ projects\aeonengine\aeonengine\debug\enginecore.obj
c:\users\andrew\documents\projects\c++ projects\aeonengine\aeonengine\debug\timer.obj
c:\users\andrew\documents\projects\c++ projects\aeonengine\aeonengine\debug\window.obj
c:\users\andrew\documents\projects\c++ projects\aeonengine\debug\aeonengine.lib
c:\users\andrew\documents\projects\c++ projects\aeonengine\debug\aeonengine.pdb
c:\users\andrew\documents\projects\c++ projects\aeonengine\aeonengine\debug\aeonengine.tlog\cl.command.1.tlog
c:\users\andrew\documents\projects\c++ projects\aeonengine\aeonengine\debug\aeonengine.tlog\cl.read.1.tlog
c:\users\andrew\documents\projects\c++ projects\aeonengine\aeonengine\debug\aeonengine.tlog\cl.write.1.tlog
c:\users\andrew\documents\projects\c++ projects\aeonengine\aeonengine\debug\aeonengine.tlog\lib-link.read.1.tlog
c:\users\andrew\documents\projects\c++ projects\aeonengine\aeonengine\debug\aeonengine.tlog\lib-link.write.1.tlog
c:\users\andrew\documents\projects\c++ projects\aeonengine\aeonengine\debug\aeonengine.tlog\lib.command.1.tlog
