     Creating library C:\Users\Andrew\Documents\Projects\C++ Projects\AeonEngine\Release\Release\Archon\.lib and object C:\Users\Andrew\Documents\Projects\C++ Projects\AeonEngine\Release\Release\Archon\.exp
LINK : warning LNK4098: defaultlib 'MSVCRTD' conflicts with use of other libs; use /NODEFAULTLIB:library
  Generating code
  1 of 2961 functions ( 0.0%) were compiled, the rest were copied from previous compilation.
    0 functions were new in current compilation
    29 functions had inline decision re-evaluated but remain unchanged
  Finished generating code
AeonEngine.lib(winfnt.obj) : warning LNK4099: PDB 'freetype.pdb' was not found with 'AeonEngine.lib(winfnt.obj)' or at 'C:\Users\Andrew\Documents\Projects\C++ Projects\AeonEngine\Release\Release\Archon\freetype.pdb'; linking object as if no debug info
AeonEngine.lib(type42.obj) : warning LNK4099: PDB 'freetype.pdb' was not found with 'AeonEngine.lib(type42.obj)' or at 'C:\Users\Andrew\Documents\Projects\C++ Projects\AeonEngine\Release\Release\Archon\freetype.pdb'; linking object as if no debug info
AeonEngine.lib(type1.obj) : warning LNK4099: PDB 'freetype.pdb' was not found with 'AeonEngine.lib(type1.obj)' or at 'C:\Users\Andrew\Documents\Projects\C++ Projects\AeonEngine\Release\Release\Archon\freetype.pdb'; linking object as if no debug info
AeonEngine.lib(truetype.obj) : warning LNK4099: PDB 'freetype.pdb' was not found with 'AeonEngine.lib(truetype.obj)' or at 'C:\Users\Andrew\Documents\Projects\C++ Projects\AeonEngine\Release\Release\Archon\freetype.pdb'; linking object as if no debug info
AeonEngine.lib(smooth.obj) : warning LNK4099: PDB 'freetype.pdb' was not found with 'AeonEngine.lib(smooth.obj)' or at 'C:\Users\Andrew\Documents\Projects\C++ Projects\AeonEngine\Release\Release\Archon\freetype.pdb'; linking object as if no debug info
AeonEngine.lib(sfnt.obj) : warning LNK4099: PDB 'freetype.pdb' was not found with 'AeonEngine.lib(sfnt.obj)' or at 'C:\Users\Andrew\Documents\Projects\C++ Projects\AeonEngine\Release\Release\Archon\freetype.pdb'; linking object as if no debug info
AeonEngine.lib(raster.obj) : warning LNK4099: PDB 'freetype.pdb' was not found with 'AeonEngine.lib(raster.obj)' or at 'C:\Users\Andrew\Documents\Projects\C++ Projects\AeonEngine\Release\Release\Archon\freetype.pdb'; linking object as if no debug info
AeonEngine.lib(psnames.obj) : warning LNK4099: PDB 'freetype.pdb' was not found with 'AeonEngine.lib(psnames.obj)' or at 'C:\Users\Andrew\Documents\Projects\C++ Projects\AeonEngine\Release\Release\Archon\freetype.pdb'; linking object as if no debug info
AeonEngine.lib(pshinter.obj) : warning LNK4099: PDB 'freetype.pdb' was not found with 'AeonEngine.lib(pshinter.obj)' or at 'C:\Users\Andrew\Documents\Projects\C++ Projects\AeonEngine\Release\Release\Archon\freetype.pdb'; linking object as if no debug info
AeonEngine.lib(psaux.obj) : warning LNK4099: PDB 'freetype.pdb' was not found with 'AeonEngine.lib(psaux.obj)' or at 'C:\Users\Andrew\Documents\Projects\C++ Projects\AeonEngine\Release\Release\Archon\freetype.pdb'; linking object as if no debug info
AeonEngine.lib(pfr.obj) : warning LNK4099: PDB 'freetype.pdb' was not found with 'AeonEngine.lib(pfr.obj)' or at 'C:\Users\Andrew\Documents\Projects\C++ Projects\AeonEngine\Release\Release\Archon\freetype.pdb'; linking object as if no debug info
AeonEngine.lib(pcf.obj) : warning LNK4099: PDB 'freetype.pdb' was not found with 'AeonEngine.lib(pcf.obj)' or at 'C:\Users\Andrew\Documents\Projects\C++ Projects\AeonEngine\Release\Release\Archon\freetype.pdb'; linking object as if no debug info
AeonEngine.lib(ftlzw.obj) : warning LNK4099: PDB 'freetype.pdb' was not found with 'AeonEngine.lib(ftlzw.obj)' or at 'C:\Users\Andrew\Documents\Projects\C++ Projects\AeonEngine\Release\Release\Archon\freetype.pdb'; linking object as if no debug info
AeonEngine.lib(ftgzip.obj) : warning LNK4099: PDB 'freetype.pdb' was not found with 'AeonEngine.lib(ftgzip.obj)' or at 'C:\Users\Andrew\Documents\Projects\C++ Projects\AeonEngine\Release\Release\Archon\freetype.pdb'; linking object as if no debug info
AeonEngine.lib(type1cid.obj) : warning LNK4099: PDB 'freetype.pdb' was not found with 'AeonEngine.lib(type1cid.obj)' or at 'C:\Users\Andrew\Documents\Projects\C++ Projects\AeonEngine\Release\Release\Archon\freetype.pdb'; linking object as if no debug info
AeonEngine.lib(cff.obj) : warning LNK4099: PDB 'freetype.pdb' was not found with 'AeonEngine.lib(cff.obj)' or at 'C:\Users\Andrew\Documents\Projects\C++ Projects\AeonEngine\Release\Release\Archon\freetype.pdb'; linking object as if no debug info
AeonEngine.lib(bdf.obj) : warning LNK4099: PDB 'freetype.pdb' was not found with 'AeonEngine.lib(bdf.obj)' or at 'C:\Users\Andrew\Documents\Projects\C++ Projects\AeonEngine\Release\Release\Archon\freetype.pdb'; linking object as if no debug info
AeonEngine.lib(ftsystem.obj) : warning LNK4099: PDB 'freetype.pdb' was not found with 'AeonEngine.lib(ftsystem.obj)' or at 'C:\Users\Andrew\Documents\Projects\C++ Projects\AeonEngine\Release\Release\Archon\freetype.pdb'; linking object as if no debug info
AeonEngine.lib(ftinit.obj) : warning LNK4099: PDB 'freetype.pdb' was not found with 'AeonEngine.lib(ftinit.obj)' or at 'C:\Users\Andrew\Documents\Projects\C++ Projects\AeonEngine\Release\Release\Archon\freetype.pdb'; linking object as if no debug info
AeonEngine.lib(ftbitmap.obj) : warning LNK4099: PDB 'freetype.pdb' was not found with 'AeonEngine.lib(ftbitmap.obj)' or at 'C:\Users\Andrew\Documents\Projects\C++ Projects\AeonEngine\Release\Release\Archon\freetype.pdb'; linking object as if no debug info
AeonEngine.lib(ftbase.obj) : warning LNK4099: PDB 'freetype.pdb' was not found with 'AeonEngine.lib(ftbase.obj)' or at 'C:\Users\Andrew\Documents\Projects\C++ Projects\AeonEngine\Release\Release\Archon\freetype.pdb'; linking object as if no debug info
AeonEngine.lib(autofit.obj) : warning LNK4099: PDB 'freetype.pdb' was not found with 'AeonEngine.lib(autofit.obj)' or at 'C:\Users\Andrew\Documents\Projects\C++ Projects\AeonEngine\Release\Release\Archon\freetype.pdb'; linking object as if no debug info
  Archon.vcxproj -> C:\Users\Andrew\Documents\Projects\C++ Projects\AeonEngine\Release\Release\Archon\.exe
