c:\users\andrew\documents\projects\c++ projects\aeonengine\release\release\archon\.lib
c:\users\andrew\documents\projects\c++ projects\aeonengine\release\release\archon\.exp
c:\users\andrew\documents\projects\c++ projects\aeonengine\archon\release\vc140.pdb
c:\users\andrew\documents\projects\c++ projects\aeonengine\archon\release\scene_menu.obj
c:\users\andrew\documents\projects\c++ projects\aeonengine\archon\release\scene_main.obj
c:\users\andrew\documents\projects\c++ projects\aeonengine\archon\release\main.obj
c:\users\andrew\documents\projects\c++ projects\aeonengine\archon\release\piece.obj
c:\users\andrew\documents\projects\c++ projects\aeonengine\archon\release\gamemanager.obj
c:\users\andrew\documents\projects\c++ projects\aeonengine\archon\release\tile.obj
c:\users\andrew\documents\projects\c++ projects\aeonengine\archon\release\board.obj
c:\users\andrew\documents\projects\c++ projects\aeonengine\archon\release\archongame.obj
c:\users\andrew\documents\projects\c++ projects\aeonengine\release\release\archon\.exe
c:\users\andrew\documents\projects\c++ projects\aeonengine\release\release\archon\.ipdb
c:\users\andrew\documents\projects\c++ projects\aeonengine\release\release\archon\.iobj
c:\users\andrew\documents\projects\c++ projects\aeonengine\release\release\archon\.pdb
c:\users\andrew\documents\projects\c++ projects\aeonengine\archon\release\archon.tlog\archon.write.1u.tlog
c:\users\andrew\documents\projects\c++ projects\aeonengine\archon\release\archon.tlog\cl.command.1.tlog
c:\users\andrew\documents\projects\c++ projects\aeonengine\archon\release\archon.tlog\cl.read.1.tlog
c:\users\andrew\documents\projects\c++ projects\aeonengine\archon\release\archon.tlog\cl.write.1.tlog
c:\users\andrew\documents\projects\c++ projects\aeonengine\archon\release\archon.tlog\link.command.1.tlog
c:\users\andrew\documents\projects\c++ projects\aeonengine\archon\release\archon.tlog\link.read.1.tlog
c:\users\andrew\documents\projects\c++ projects\aeonengine\archon\release\archon.tlog\link.write.1.tlog
